<?xml version="1.0" encoding="UTF-8" ?>
<testsuite failures="0" time="0.004" errors="2" skipped="0" tests="2" name="com.github.rnewson.couchdb.lucene.util.UtilsTest">
  <properties>
    <property name="java.runtime.name" value="OpenJDK Runtime Environment"/>
    <property name="sun.boot.library.path" value="/usr/lib/jvm/java-6-openjdk/jre/lib/amd64"/>
    <property name="java.vm.version" value="19.0-b09"/>
    <property name="java.vm.vendor" value="Sun Microsystems Inc."/>
    <property name="java.vendor.url" value="http://java.sun.com/"/>
    <property name="path.separator" value=":"/>
    <property name="java.vm.name" value="OpenJDK 64-Bit Server VM"/>
    <property name="file.encoding.pkg" value="sun.io"/>
    <property name="user.country" value="US"/>
    <property name="sun.java.launcher" value="SUN_STANDARD"/>
    <property name="sun.os.patch.level" value="unknown"/>
    <property name="java.vm.specification.name" value="Java Virtual Machine Specification"/>
    <property name="user.dir" value="/home/tim/couchdb-lucene"/>
    <property name="java.runtime.version" value="1.6.0_20-b20"/>
    <property name="java.awt.graphicsenv" value="sun.awt.X11GraphicsEnvironment"/>
    <property name="basedir" value="/home/tim/couchdb-lucene"/>
    <property name="java.endorsed.dirs" value="/usr/lib/jvm/java-6-openjdk/jre/lib/endorsed"/>
    <property name="os.arch" value="amd64"/>
    <property name="surefire.real.class.path" value="/tmp/surefirebooter5209137322057713803.jar"/>
    <property name="javax.accessibility.assistive_technologies" value="org.GNOME.Accessibility.JavaBridge"/>
    <property name="java.io.tmpdir" value="/tmp"/>
    <property name="line.separator" value="
"/>
    <property name="java.vm.specification.vendor" value="Sun Microsystems Inc."/>
    <property name="os.name" value="Linux"/>
    <property name="sun.jnu.encoding" value="UTF-8"/>
    <property name="java.library.path" value="/usr/lib/jvm/java-6-openjdk/jre/lib/amd64/server:/usr/lib/jvm/java-6-openjdk/jre/lib/amd64:/usr/lib/jvm/java-6-openjdk/jre/../lib/amd64:/usr/java/packages/lib/amd64:/usr/lib/jni:/lib:/usr/lib"/>
    <property name="surefire.test.class.path" value="/home/tim/couchdb-lucene/target/test-classes:/home/tim/couchdb-lucene/target/classes:/home/tim/.m2/repository/org/apache/httpcomponents/httpclient/4.0.1/httpclient-4.0.1.jar:/home/tim/.m2/repository/org/apache/httpcomponents/httpcore/4.0.1/httpcore-4.0.1.jar:/home/tim/.m2/repository/commons-logging/commons-logging/1.1.1/commons-logging-1.1.1.jar:/home/tim/.m2/repository/commons-codec/commons-codec/1.3/commons-codec-1.3.jar:/home/tim/.m2/repository/net/jcip/jcip-annotations/1.0/jcip-annotations-1.0.jar:/home/tim/.m2/repository/org/mortbay/jetty/jetty-embedded/6.1.20/jetty-embedded-6.1.20.jar:/home/tim/.m2/repository/org/mortbay/jetty/jetty/6.1.20/jetty-6.1.20.jar:/home/tim/.m2/repository/org/mortbay/jetty/jetty-util/6.1.20/jetty-util-6.1.20.jar:/home/tim/.m2/repository/org/mortbay/jetty/servlet-api/2.5-20081211/servlet-api-2.5-20081211.jar:/home/tim/.m2/repository/org/mortbay/jetty/jetty-sslengine/6.1.20/jetty-sslengine-6.1.20.jar:/home/tim/.m2/repository/javax/servlet/jsp/jsp-api/2.1/jsp-api-2.1.jar:/home/tim/.m2/repository/commons-io/commons-io/1.4/commons-io-1.4.jar:/home/tim/.m2/repository/commons-configuration/commons-configuration/1.6/commons-configuration-1.6.jar:/home/tim/.m2/repository/commons-collections/commons-collections/3.2.1/commons-collections-3.2.1.jar:/home/tim/.m2/repository/commons-lang/commons-lang/2.4/commons-lang-2.4.jar:/home/tim/.m2/repository/commons-digester/commons-digester/1.8/commons-digester-1.8.jar:/home/tim/.m2/repository/commons-beanutils/commons-beanutils/1.7.0/commons-beanutils-1.7.0.jar:/home/tim/.m2/repository/commons-beanutils/commons-beanutils-core/1.8.0/commons-beanutils-core-1.8.0.jar:/home/tim/.m2/repository/net/sf/json-lib/json-lib/2.2.3/json-lib-2.2.3-jdk15.jar:/home/tim/.m2/repository/net/sf/ezmorph/ezmorph/1.0.6/ezmorph-1.0.6.jar:/home/tim/.m2/repository/rhino/js/1.7R2/js-1.7R2.jar:/home/tim/.m2/repository/org/apache/lucene/lucene-core/3.0.2/lucene-core-3.0.2.jar:/home/tim/.m2/repository/org/apache/lucene/lucene-analyzers/3.0.2/lucene-analyzers-3.0.2.jar:/home/tim/.m2/repository/org/apache/lucene/lucene-queries/3.0.2/lucene-queries-3.0.2.jar:/home/tim/.m2/repository/org/apache/tika/tika-core/0.7/tika-core-0.7.jar:/home/tim/.m2/repository/org/apache/tika/tika-parsers/0.7/tika-parsers-0.7.jar:/home/tim/.m2/repository/org/apache/commons/commons-compress/1.0/commons-compress-1.0.jar:/home/tim/.m2/repository/org/apache/pdfbox/pdfbox/1.1.0/pdfbox-1.1.0.jar:/home/tim/.m2/repository/org/apache/pdfbox/fontbox/1.1.0/fontbox-1.1.0.jar:/home/tim/.m2/repository/org/apache/pdfbox/jempbox/1.1.0/jempbox-1.1.0.jar:/home/tim/.m2/repository/org/bouncycastle/bcmail-jdk15/1.45/bcmail-jdk15-1.45.jar:/home/tim/.m2/repository/org/bouncycastle/bcprov-jdk15/1.45/bcprov-jdk15-1.45.jar:/home/tim/.m2/repository/org/apache/poi/poi/3.6/poi-3.6.jar:/home/tim/.m2/repository/log4j/log4j/1.2.14/log4j-1.2.14.jar:/home/tim/.m2/repository/org/apache/poi/poi-scratchpad/3.6/poi-scratchpad-3.6.jar:/home/tim/.m2/repository/org/apache/poi/poi-ooxml/3.6/poi-ooxml-3.6.jar:/home/tim/.m2/repository/org/apache/poi/poi-ooxml-schemas/3.6/poi-ooxml-schemas-3.6.jar:/home/tim/.m2/repository/org/apache/xmlbeans/xmlbeans/2.3.0/xmlbeans-2.3.0.jar:/home/tim/.m2/repository/org/apache/geronimo/specs/geronimo-stax-api_1.0_spec/1.0.1/geronimo-stax-api_1.0_spec-1.0.1.jar:/home/tim/.m2/repository/dom4j/dom4j/1.6.1/dom4j-1.6.1.jar:/home/tim/.m2/repository/xml-apis/xml-apis/1.0.b2/xml-apis-1.0.b2.jar:/home/tim/.m2/repository/org/ccil/cowan/tagsoup/tagsoup/1.2/tagsoup-1.2.jar:/home/tim/.m2/repository/asm/asm/3.1/asm-3.1.jar:/home/tim/.m2/repository/com/drewnoakes/metadata-extractor/2.4.0-beta-1/metadata-extractor-2.4.0-beta-1.jar:/home/tim/.m2/repository/org/slf4j/slf4j-log4j12/1.5.6/slf4j-log4j12-1.5.6.jar:/home/tim/.m2/repository/org/slf4j/slf4j-api/1.5.6/slf4j-api-1.5.6.jar:/home/tim/.m2/repository/org/hamcrest/hamcrest-all/1.1/hamcrest-all-1.1.jar:/home/tim/.m2/repository/junit/junit/4.5/junit-4.5.jar:"/>
    <property name="java.specification.name" value="Java Platform API Specification"/>
    <property name="java.class.version" value="50.0"/>
    <property name="sun.management.compiler" value="HotSpot 64-Bit Server Compiler"/>
    <property name="os.version" value="2.6.32-37-server"/>
    <property name="user.home" value="/home/tim"/>
    <property name="user.timezone" value="Europe/Amsterdam"/>
    <property name="java.awt.printerjob" value="sun.print.PSPrinterJob"/>
    <property name="java.specification.version" value="1.6"/>
    <property name="file.encoding" value="UTF-8"/>
    <property name="user.name" value="tim"/>
    <property name="java.class.path" value="/home/tim/couchdb-lucene/target/test-classes:/home/tim/couchdb-lucene/target/classes:/home/tim/.m2/repository/org/apache/httpcomponents/httpclient/4.0.1/httpclient-4.0.1.jar:/home/tim/.m2/repository/org/apache/httpcomponents/httpcore/4.0.1/httpcore-4.0.1.jar:/home/tim/.m2/repository/commons-logging/commons-logging/1.1.1/commons-logging-1.1.1.jar:/home/tim/.m2/repository/commons-codec/commons-codec/1.3/commons-codec-1.3.jar:/home/tim/.m2/repository/net/jcip/jcip-annotations/1.0/jcip-annotations-1.0.jar:/home/tim/.m2/repository/org/mortbay/jetty/jetty-embedded/6.1.20/jetty-embedded-6.1.20.jar:/home/tim/.m2/repository/org/mortbay/jetty/jetty/6.1.20/jetty-6.1.20.jar:/home/tim/.m2/repository/org/mortbay/jetty/jetty-util/6.1.20/jetty-util-6.1.20.jar:/home/tim/.m2/repository/org/mortbay/jetty/servlet-api/2.5-20081211/servlet-api-2.5-20081211.jar:/home/tim/.m2/repository/org/mortbay/jetty/jetty-sslengine/6.1.20/jetty-sslengine-6.1.20.jar:/home/tim/.m2/repository/javax/servlet/jsp/jsp-api/2.1/jsp-api-2.1.jar:/home/tim/.m2/repository/commons-io/commons-io/1.4/commons-io-1.4.jar:/home/tim/.m2/repository/commons-configuration/commons-configuration/1.6/commons-configuration-1.6.jar:/home/tim/.m2/repository/commons-collections/commons-collections/3.2.1/commons-collections-3.2.1.jar:/home/tim/.m2/repository/commons-lang/commons-lang/2.4/commons-lang-2.4.jar:/home/tim/.m2/repository/commons-digester/commons-digester/1.8/commons-digester-1.8.jar:/home/tim/.m2/repository/commons-beanutils/commons-beanutils/1.7.0/commons-beanutils-1.7.0.jar:/home/tim/.m2/repository/commons-beanutils/commons-beanutils-core/1.8.0/commons-beanutils-core-1.8.0.jar:/home/tim/.m2/repository/net/sf/json-lib/json-lib/2.2.3/json-lib-2.2.3-jdk15.jar:/home/tim/.m2/repository/net/sf/ezmorph/ezmorph/1.0.6/ezmorph-1.0.6.jar:/home/tim/.m2/repository/rhino/js/1.7R2/js-1.7R2.jar:/home/tim/.m2/repository/org/apache/lucene/lucene-core/3.0.2/lucene-core-3.0.2.jar:/home/tim/.m2/repository/org/apache/lucene/lucene-analyzers/3.0.2/lucene-analyzers-3.0.2.jar:/home/tim/.m2/repository/org/apache/lucene/lucene-queries/3.0.2/lucene-queries-3.0.2.jar:/home/tim/.m2/repository/org/apache/tika/tika-core/0.7/tika-core-0.7.jar:/home/tim/.m2/repository/org/apache/tika/tika-parsers/0.7/tika-parsers-0.7.jar:/home/tim/.m2/repository/org/apache/commons/commons-compress/1.0/commons-compress-1.0.jar:/home/tim/.m2/repository/org/apache/pdfbox/pdfbox/1.1.0/pdfbox-1.1.0.jar:/home/tim/.m2/repository/org/apache/pdfbox/fontbox/1.1.0/fontbox-1.1.0.jar:/home/tim/.m2/repository/org/apache/pdfbox/jempbox/1.1.0/jempbox-1.1.0.jar:/home/tim/.m2/repository/org/bouncycastle/bcmail-jdk15/1.45/bcmail-jdk15-1.45.jar:/home/tim/.m2/repository/org/bouncycastle/bcprov-jdk15/1.45/bcprov-jdk15-1.45.jar:/home/tim/.m2/repository/org/apache/poi/poi/3.6/poi-3.6.jar:/home/tim/.m2/repository/log4j/log4j/1.2.14/log4j-1.2.14.jar:/home/tim/.m2/repository/org/apache/poi/poi-scratchpad/3.6/poi-scratchpad-3.6.jar:/home/tim/.m2/repository/org/apache/poi/poi-ooxml/3.6/poi-ooxml-3.6.jar:/home/tim/.m2/repository/org/apache/poi/poi-ooxml-schemas/3.6/poi-ooxml-schemas-3.6.jar:/home/tim/.m2/repository/org/apache/xmlbeans/xmlbeans/2.3.0/xmlbeans-2.3.0.jar:/home/tim/.m2/repository/org/apache/geronimo/specs/geronimo-stax-api_1.0_spec/1.0.1/geronimo-stax-api_1.0_spec-1.0.1.jar:/home/tim/.m2/repository/dom4j/dom4j/1.6.1/dom4j-1.6.1.jar:/home/tim/.m2/repository/xml-apis/xml-apis/1.0.b2/xml-apis-1.0.b2.jar:/home/tim/.m2/repository/org/ccil/cowan/tagsoup/tagsoup/1.2/tagsoup-1.2.jar:/home/tim/.m2/repository/asm/asm/3.1/asm-3.1.jar:/home/tim/.m2/repository/com/drewnoakes/metadata-extractor/2.4.0-beta-1/metadata-extractor-2.4.0-beta-1.jar:/home/tim/.m2/repository/org/slf4j/slf4j-log4j12/1.5.6/slf4j-log4j12-1.5.6.jar:/home/tim/.m2/repository/org/slf4j/slf4j-api/1.5.6/slf4j-api-1.5.6.jar:/home/tim/.m2/repository/org/hamcrest/hamcrest-all/1.1/hamcrest-all-1.1.jar:/home/tim/.m2/repository/junit/junit/4.5/junit-4.5.jar:"/>
    <property name="java.vm.specification.version" value="1.0"/>
    <property name="sun.arch.data.model" value="64"/>
    <property name="java.home" value="/usr/lib/jvm/java-6-openjdk/jre"/>
    <property name="java.specification.vendor" value="Sun Microsystems Inc."/>
    <property name="user.language" value="en"/>
    <property name="java.vm.info" value="mixed mode"/>
    <property name="java.version" value="1.6.0_20"/>
    <property name="java.ext.dirs" value="/usr/lib/jvm/java-6-openjdk/jre/lib/ext:/usr/java/packages/lib/ext"/>
    <property name="sun.boot.class.path" value="/usr/lib/jvm/java-6-openjdk/jre/lib/resources.jar:/usr/lib/jvm/java-6-openjdk/jre/lib/rt.jar:/usr/lib/jvm/java-6-openjdk/jre/lib/sunrsasign.jar:/usr/lib/jvm/java-6-openjdk/jre/lib/jsse.jar:/usr/lib/jvm/java-6-openjdk/jre/lib/jce.jar:/usr/lib/jvm/java-6-openjdk/jre/lib/charsets.jar:/usr/lib/jvm/java-6-openjdk/jre/lib/netx.jar:/usr/lib/jvm/java-6-openjdk/jre/lib/plugin.jar:/usr/lib/jvm/java-6-openjdk/jre/lib/rhino.jar:/usr/lib/jvm/java-6-openjdk/jre/lib/modules/jdk.boot.jar:/usr/lib/jvm/java-6-openjdk/jre/classes"/>
    <property name="java.vendor" value="Sun Microsystems Inc."/>
    <property name="localRepository" value="/home/tim/.m2/repository"/>
    <property name="file.separator" value="/"/>
    <property name="java.vendor.url.bug" value="http://java.sun.com/cgi-bin/bugreport.cgi"/>
    <property name="sun.cpu.endian" value="little"/>
    <property name="sun.io.unicode.encoding" value="UnicodeLittle"/>
    <property name="sun.cpu.isalist" value=""/>
  </properties>
  <testcase time="0" classname="com.github.rnewson.couchdb.lucene.util.UtilsTest" name="testSplitOnCommas">
    <error message="com.github.rnewson.couchdb.lucene.util.Utils.splitOnCommas(Ljava/lang/String;)[Ljava/lang/String;" type="java.lang.NoSuchMethodError">java.lang.NoSuchMethodError: com.github.rnewson.couchdb.lucene.util.Utils.splitOnCommas(Ljava/lang/String;)[Ljava/lang/String;
	at com.github.rnewson.couchdb.lucene.util.UtilsTest.testSplitOnCommas(UtilsTest.java:13)
	at sun.reflect.NativeMethodAccessorImpl.invoke0(Native Method)
	at sun.reflect.NativeMethodAccessorImpl.invoke(NativeMethodAccessorImpl.java:57)
	at sun.reflect.DelegatingMethodAccessorImpl.invoke(DelegatingMethodAccessorImpl.java:43)
	at java.lang.reflect.Method.invoke(Method.java:616)
	at org.junit.runners.model.FrameworkMethod$1.runReflectiveCall(FrameworkMethod.java:44)
	at org.junit.internal.runners.model.ReflectiveCallable.run(ReflectiveCallable.java:15)
	at org.junit.runners.model.FrameworkMethod.invokeExplosively(FrameworkMethod.java:41)
	at org.junit.internal.runners.statements.InvokeMethod.evaluate(InvokeMethod.java:20)
	at org.junit.internal.runners.statements.RunBefores.evaluate(RunBefores.java:28)
	at org.junit.internal.runners.statements.RunAfters.evaluate(RunAfters.java:31)
	at org.junit.runners.BlockJUnit4ClassRunner.runChild(BlockJUnit4ClassRunner.java:73)
	at org.junit.runners.BlockJUnit4ClassRunner.runChild(BlockJUnit4ClassRunner.java:46)
	at org.junit.runners.ParentRunner.runChildren(ParentRunner.java:180)
	at org.junit.runners.ParentRunner.access$000(ParentRunner.java:41)
	at org.junit.runners.ParentRunner$1.evaluate(ParentRunner.java:173)
	at org.junit.internal.runners.statements.RunBefores.evaluate(RunBefores.java:28)
	at org.junit.internal.runners.statements.RunAfters.evaluate(RunAfters.java:31)
	at org.junit.runners.ParentRunner.run(ParentRunner.java:220)
	at org.apache.maven.surefire.junit4.JUnit4TestSet.execute(JUnit4TestSet.java:62)
	at org.apache.maven.surefire.suite.AbstractDirectoryTestSuite.executeTestSet(AbstractDirectoryTestSuite.java:140)
	at org.apache.maven.surefire.suite.AbstractDirectoryTestSuite.execute(AbstractDirectoryTestSuite.java:127)
	at org.apache.maven.surefire.Surefire.run(Surefire.java:177)
	at sun.reflect.NativeMethodAccessorImpl.invoke0(Native Method)
	at sun.reflect.NativeMethodAccessorImpl.invoke(NativeMethodAccessorImpl.java:57)
	at sun.reflect.DelegatingMethodAccessorImpl.invoke(DelegatingMethodAccessorImpl.java:43)
	at java.lang.reflect.Method.invoke(Method.java:616)
	at org.apache.maven.surefire.booter.SurefireBooter.runSuitesInProcess(SurefireBooter.java:345)
	at org.apache.maven.surefire.booter.SurefireBooter.main(SurefireBooter.java:1009)
</error>
  </testcase>
  <testcase time="0.001" classname="com.github.rnewson.couchdb.lucene.util.UtilsTest" name="testSplitOnCommasWithEmbeddedCommas">
    <error message="com.github.rnewson.couchdb.lucene.util.Utils.splitOnCommas(Ljava/lang/String;)[Ljava/lang/String;" type="java.lang.NoSuchMethodError">java.lang.NoSuchMethodError: com.github.rnewson.couchdb.lucene.util.Utils.splitOnCommas(Ljava/lang/String;)[Ljava/lang/String;
	at com.github.rnewson.couchdb.lucene.util.UtilsTest.testSplitOnCommasWithEmbeddedCommas(UtilsTest.java:18)
	at sun.reflect.NativeMethodAccessorImpl.invoke0(Native Method)
	at sun.reflect.NativeMethodAccessorImpl.invoke(NativeMethodAccessorImpl.java:57)
	at sun.reflect.DelegatingMethodAccessorImpl.invoke(DelegatingMethodAccessorImpl.java:43)
	at java.lang.reflect.Method.invoke(Method.java:616)
	at org.junit.runners.model.FrameworkMethod$1.runReflectiveCall(FrameworkMethod.java:44)
	at org.junit.internal.runners.model.ReflectiveCallable.run(ReflectiveCallable.java:15)
	at org.junit.runners.model.FrameworkMethod.invokeExplosively(FrameworkMethod.java:41)
	at org.junit.internal.runners.statements.InvokeMethod.evaluate(InvokeMethod.java:20)
	at org.junit.internal.runners.statements.RunBefores.evaluate(RunBefores.java:28)
	at org.junit.internal.runners.statements.RunAfters.evaluate(RunAfters.java:31)
	at org.junit.runners.BlockJUnit4ClassRunner.runChild(BlockJUnit4ClassRunner.java:73)
	at org.junit.runners.BlockJUnit4ClassRunner.runChild(BlockJUnit4ClassRunner.java:46)
	at org.junit.runners.ParentRunner.runChildren(ParentRunner.java:180)
	at org.junit.runners.ParentRunner.access$000(ParentRunner.java:41)
	at org.junit.runners.ParentRunner$1.evaluate(ParentRunner.java:173)
	at org.junit.internal.runners.statements.RunBefores.evaluate(RunBefores.java:28)
	at org.junit.internal.runners.statements.RunAfters.evaluate(RunAfters.java:31)
	at org.junit.runners.ParentRunner.run(ParentRunner.java:220)
	at org.apache.maven.surefire.junit4.JUnit4TestSet.execute(JUnit4TestSet.java:62)
	at org.apache.maven.surefire.suite.AbstractDirectoryTestSuite.executeTestSet(AbstractDirectoryTestSuite.java:140)
	at org.apache.maven.surefire.suite.AbstractDirectoryTestSuite.execute(AbstractDirectoryTestSuite.java:127)
	at org.apache.maven.surefire.Surefire.run(Surefire.java:177)
	at sun.reflect.NativeMethodAccessorImpl.invoke0(Native Method)
	at sun.reflect.NativeMethodAccessorImpl.invoke(NativeMethodAccessorImpl.java:57)
	at sun.reflect.DelegatingMethodAccessorImpl.invoke(DelegatingMethodAccessorImpl.java:43)
	at java.lang.reflect.Method.invoke(Method.java:616)
	at org.apache.maven.surefire.booter.SurefireBooter.runSuitesInProcess(SurefireBooter.java:345)
	at org.apache.maven.surefire.booter.SurefireBooter.main(SurefireBooter.java:1009)
</error>
  </testcase>
</testsuite>